

Started GET "/" for 98.209.143.15 at Fri Dec 30 23:42:25 +0100 2011
  Processing by HomeController#index as HTML
Completed 500 Internal Server Error in 0ms

ActiveRecord::StatementInvalid (Could not find table 'users'):
  app/controllers/home_controller.rb:5:in `new'
  app/controllers/home_controller.rb:5:in `index'



Started GET "/" for 99.136.69.191 at Fri Dec 30 23:43:40 +0100 2011
  Processing by HomeController#index as HTML
Completed 500 Internal Server Error in 0ms

ActiveRecord::StatementInvalid (Could not find table 'users'):
  app/controllers/home_controller.rb:5:in `new'
  app/controllers/home_controller.rb:5:in `index'



Started GET "/" for 99.136.69.191 at Fri Dec 30 23:43:42 +0100 2011
  Processing by HomeController#index as HTML
Completed 500 Internal Server Error in 0ms

ActiveRecord::StatementInvalid (Could not find table 'users'):
  app/controllers/home_controller.rb:5:in `new'
  app/controllers/home_controller.rb:5:in `index'



Started GET "/" for 98.209.143.15 at Fri Dec 30 23:45:13 +0100 2011
  Processing by HomeController#index as HTML
Completed 500 Internal Server Error in 0ms

ActiveRecord::StatementInvalid (Could not find table 'users'):
  app/controllers/home_controller.rb:5:in `new'
  app/controllers/home_controller.rb:5:in `index'

Migrating to CreateResumes (2000000000000)
Migrating to CreateUsers (2000000000001)
Migrating to CreateResumes (2000000000000)
Migrating to CreateUsers (2000000000001)
Migrating to RemoveNameFromResumes (20111222234519)
Migrating to AddFirstNameToResumes (20111223001116)
Migrating to CreateResumes (2000000000000)
Migrating to CreateUsers (2000000000001)
Migrating to RemoveNameFromResumes (20111222234519)
Migrating to CreateResumeItems (20111223004315)
Migrating to AddOrderToResumeItems (20111223031529)
Migrating to RemovePasswordFromUsers (20111226220506)
Migrating to AddLinksToResumeItems (20111226220712)


Started GET "/" for 98.209.143.15 at Sat Dec 31 08:17:40 +0100 2011
  Processing by HomeController#index as HTML
Rendered users/_form.html.erb (12.1ms)
Rendered home/index.html.erb within layouts/application (15.1ms)
Completed 500 Internal Server Error in 23ms

ActionView::Template::Error (Could not find table 'sessions'):
    1: <%= form_for(@user) do |f| %>
    2: 
    3:   <% if @user.errors.any? %>
    4: 
  app/views/users/_form.html.erb:1:in `_app_views_users__form_html_erb__1673872790_33508140'
  app/views/home/index.html.erb:8:in `_app_views_home_index_html_erb__782950118_33622800'
  app/controllers/home_controller.rb:6:in `index'

